Sent 51 / 20000
Sent 101 / 20000
Sent 151 / 20000
Sent 201 / 20000
Sent 251 / 20000
Sent 301 / 20000
Sent 351 / 20000
Sent 401 / 20000
Sent 451 / 20000
Sent 501 / 20000
Sent 551 / 20000
Sent 601 / 20000
Sent 651 / 20000
Sent 701 / 20000
Sent 751 / 20000
Sent 801 / 20000
Sent 851 / 20000
Sent 901 / 20000
Sent 951 / 20000
Sent 1001 / 20000
Sent 1051 / 20000
Sent 1101 / 20000
Sent 1151 / 20000
Sent 1201 / 20000
Sent 1251 / 20000
Sent 1301 / 20000
Sent 1351 / 20000
Sent 1401 / 20000
Sent 1451 / 20000
Sent 1501 / 20000
Sent 1551 / 20000
Sent 1601 / 20000
Sent 1651 / 20000
Sent 1701 / 20000
Sent 1751 / 20000
Sent 1801 / 20000
Sent 1851 / 20000
Sent 1901 / 20000
Sent 1951 / 20000
Sent 2001 / 20000
Sent 2051 / 20000
Sent 2101 / 20000
Sent 2151 / 20000
Sent 2201 / 20000
Sent 2251 / 20000
Sent 2301 / 20000
Sent 2351 / 20000
Sent 2401 / 20000
Sent 2451 / 20000
Sent 2501 / 20000
Sent 2551 / 20000
Sent 2601 / 20000
Sent 2651 / 20000
Sent 2701 / 20000
Sent 2751 / 20000
Sent 2801 / 20000
Sent 2851 / 20000
Sent 2901 / 20000
Sent 2951 / 20000
Sent 3001 / 20000
Sent 3051 / 20000
Sent 3101 / 20000
Sent 3151 / 20000
Sent 3201 / 20000
Sent 3251 / 20000
Sent 3301 / 20000
Sent 3351 / 20000
Sent 3401 / 20000
Sent 3451 / 20000
Sent 3501 / 20000
Sent 3551 / 20000
Sent 3601 / 20000
Sent 3651 / 20000
Sent 3701 / 20000
Sent 3751 / 20000
Sent 3801 / 20000
Sent 3851 / 20000
Sent 3901 / 20000
Sent 3951 / 20000
Sent 4001 / 20000
Sent 4051 / 20000
Sent 4101 / 20000
Sent 4151 / 20000
Sent 4201 / 20000
Sent 4251 / 20000
Sent 4301 / 20000
Sent 4351 / 20000
Sent 4401 / 20000
Sent 4451 / 20000
Sent 4501 / 20000
Sent 4551 / 20000
Sent 4601 / 20000
Sent 4651 / 20000
Sent 4701 / 20000
Sent 4751 / 20000
Sent 4801 / 20000
Sent 4851 / 20000
Sent 4901 / 20000
Sent 4951 / 20000
Sent 5001 / 20000
Sent 5051 / 20000
Sent 5101 / 20000
Sent 5151 / 20000
Sent 5201 / 20000
Sent 5251 / 20000
Sent 5301 / 20000
Sent 5351 / 20000
Sent 5401 / 20000
Sent 5451 / 20000
Sent 5501 / 20000
Sent 5551 / 20000
Sent 5601 / 20000
Sent 5651 / 20000
Sent 5701 / 20000
Sent 5751 / 20000
Sent 5801 / 20000
Sent 5851 / 20000
Sent 5901 / 20000
Sent 5951 / 20000
Sent 6001 / 20000
Sent 6051 / 20000
Sent 6101 / 20000
Sent 6151 / 20000
Sent 6201 / 20000
Sent 6251 / 20000
Sent 6301 / 20000
Sent 6351 / 20000
Sent 6401 / 20000
Sent 6451 / 20000
Sent 6501 / 20000
Sent 6551 / 20000
Sent 6601 / 20000
Sent 6651 / 20000
Sent 6701 / 20000
Sent 6751 / 20000
Sent 6801 / 20000
Sent 6851 / 20000
Sent 6901 / 20000
Sent 6951 / 20000
Sent 7001 / 20000
Sent 7051 / 20000
Sent 7101 / 20000
Sent 7151 / 20000
Sent 7201 / 20000
Sent 7251 / 20000
Sent 7301 / 20000
Sent 7351 / 20000
Sent 7401 / 20000
Sent 7451 / 20000
Sent 7501 / 20000
Sent 7551 / 20000
Sent 7601 / 20000
Sent 7651 / 20000
Sent 7701 / 20000
Sent 7751 / 20000
Sent 7801 / 20000
Sent 7851 / 20000
Sent 7901 / 20000
Sent 7951 / 20000
Sent 8001 / 20000
Sent 8051 / 20000
Sent 8101 / 20000
Sent 8151 / 20000
Sent 8201 / 20000
Sent 8251 / 20000
Sent 8301 / 20000
Sent 8351 / 20000
Sent 8401 / 20000
Sent 8451 / 20000
Sent 8501 / 20000
Sent 8551 / 20000
Sent 8601 / 20000
Sent 8651 / 20000
Sent 8701 / 20000
Sent 8751 / 20000
Sent 8801 / 20000
Sent 8851 / 20000
Sent 8901 / 20000
Sent 8951 / 20000
Sent 9001 / 20000
Sent 9051 / 20000
Sent 9101 / 20000
Sent 9151 / 20000
Sent 9201 / 20000
Sent 9251 / 20000
Sent 9301 / 20000
Sent 9351 / 20000
Sent 9401 / 20000
Sent 9451 / 20000
Sent 9501 / 20000
Sent 9551 / 20000
Sent 9601 / 20000
Sent 9651 / 20000
Sent 9701 / 20000
Sent 9751 / 20000
Sent 9801 / 20000
Sent 9851 / 20000
Sent 9901 / 20000
Sent 9951 / 20000
Sent 10001 / 20000
Sent 10051 / 20000
Sent 10101 / 20000
Sent 10151 / 20000
Sent 10201 / 20000
Sent 10251 / 20000
Sent 10301 / 20000
Sent 10351 / 20000
Sent 10401 / 20000
Sent 10451 / 20000
Sent 10501 / 20000
Sent 10551 / 20000
Sent 10601 / 20000
Sent 10651 / 20000
Sent 10701 / 20000
Sent 10751 / 20000
Sent 10801 / 20000
Sent 10851 / 20000
Sent 10901 / 20000
Sent 10951 / 20000
Sent 11001 / 20000
Sent 11051 / 20000
Sent 11101 / 20000
Sent 11151 / 20000
Sent 11201 / 20000
Sent 11251 / 20000
Sent 11301 / 20000
Sent 11351 / 20000
Sent 11401 / 20000
Sent 11451 / 20000
Sent 11501 / 20000
Sent 11551 / 20000
Sent 11601 / 20000
Sent 11651 / 20000
Sent 11701 / 20000
Sent 11751 / 20000
Sent 11801 / 20000
Sent 11851 / 20000
